Using pre-set license
Built from '2021.1/staging' branch; Version is '2021.1.3f1 (4bef613afd59) revision 4976481'; Using compiler version '192528614'; Build Type 'Release'
OS: 'Windows 10 Pro; OS build 19042.1110; Version 2009; 64bit' Language: 'ru' Physical Memory: 16327 MB
BatchMode: 1, IsHumanControllingUs: 0, StartBugReporterOnCrash: 0, Is64bit: 1, IsPro: 0

 COMMAND LINE ARGUMENTS:
C:\Program Files\Unity\Hub\Editor\2021.1.3f1\Editor\Unity.exe
-adb2
-batchMode
-noUpm
-name
AssetImportWorker0
-projectPath
D:/Projects/Repos/InventorySample
-logFile
Logs/AssetImportWorker0.log
-srvPort
52799
Successfully changed project path to: D:/Projects/Repos/InventorySample
D:/Projects/Repos/InventorySample
Using Asset Import Pipeline V2.
Refreshing native plugins compatible for Editor in 115.46 ms, found 2 plugins.
Preloading 0 native plugins for Editor in 0.00 ms.
Initialize engine version: 2021.1.3f1 (4bef613afd59)
[Subsystems] Discovering subsystems at path C:/Program Files/Unity/Hub/Editor/2021.1.3f1/Editor/Data/Resources/UnitySubsystems
[Subsystems] Discovering subsystems at path D:/Projects/Repos/InventorySample/Assets
GfxDevice: creating device client; threaded=0; jobified=0
Direct3D:
    Version:  Direct3D 11.0 [level 11.1]
    Renderer: NVIDIA GeForce GTX 1050 Ti (ID=0x1c82)
    Vendor:   NVIDIA
    VRAM:     4018 MB
    Driver:   27.21.14.5671
Initialize mono
Mono path[0] = 'C:/Program Files/Unity/Hub/Editor/2021.1.3f1/Editor/Data/Managed'
Mono path[1] = 'C:/Program Files/Unity/Hub/Editor/2021.1.3f1/Editor/Data/MonoBleedingEdge/lib/mono/unityjit'
Mono config path = 'C:/Program Files/Unity/Hub/Editor/2021.1.3f1/Editor/Data/MonoBleedingEdge/etc'
Using monoOptions --debugger-agent=transport=dt_socket,embedding=1,server=y,suspend=n,address=127.0.0.1:56412
Begin MonoManager ReloadAssembly
Registering precompiled unity dll's ...
Register platform support module: C:/Program Files/Unity/Hub/Editor/2021.1.3f1/Editor/Data/PlaybackEngines/WindowsStandaloneSupport/UnityEditor.WindowsStandalone.Extensions.dll
Registered in 0.002194 seconds.
Native extension for WindowsStandalone target not found
Refreshing native plugins compatible for Editor in 115.53 ms, found 2 plugins.
Preloading 0 native plugins for Editor in 0.00 ms.
Mono: successfully reloaded assembly
- Completed reload, in  1.994 seconds
Platform modules already initialized, skipping
Registering precompiled user dll's ...
Registered in 0.002686 seconds.
Begin MonoManager ReloadAssembly
Native extension for WindowsStandalone target not found
Refreshing native plugins compatible for Editor in 115.20 ms, found 2 plugins.
Preloading 0 native plugins for Editor in 0.00 ms.
Mono: successfully reloaded assembly
- Completed reload, in  1.700 seconds
Platform modules already initialized, skipping
========================================================================
Worker process is ready to serve import requests
Launched and connected shader compiler UnityShaderCompiler.exe after 0.04 seconds
Refreshing native plugins compatible for Editor in 0.68 ms, found 2 plugins.
Preloading 0 native plugins for Editor in 0.00 ms.
Unloading 3405 Unused Serialized files (Serialized files now loaded: 0)
System memory in use before: 130.7 MB.
System memory in use after: 130.8 MB.

Unloading 29 unused Assets to reduce memory usage. Loaded Objects now: 3859.
Total: 2.972800 ms (FindLiveObjects: 0.338200 ms CreateObjectMapping: 0.302200 ms MarkObjects: 2.198000 ms  DeleteObjects: 0.133300 ms)

========================================================================
Received Import Request.
  path: Assets/TextMesh Pro
  artifactKey: Guid(f54d1bd14bd3ca042bd867b519fee8cc) Importer(815301076,1909f56bfc062723c751e8b465ee728b)
Start importing Assets/TextMesh Pro using Guid(f54d1bd14bd3ca042bd867b519fee8cc) Importer(815301076,1909f56bfc062723c751e8b465ee728b)  -> (artifact id: '14ec0cbf3094e6ca8a4e65f93b63fe0f') in 0.009707 seconds 
========================================================================
Received Import Request.
  Time since last request: 15.457853 seconds.
  path: Assets/Scenes/SampleScene.unity
  artifactKey: Guid(2cda990e2423bbf4892e6590ba056729) Importer(815301076,1909f56bfc062723c751e8b465ee728b)
Start importing Assets/Scenes/SampleScene.unity using Guid(2cda990e2423bbf4892e6590ba056729) Importer(815301076,1909f56bfc062723c751e8b465ee728b)  -> (artifact id: '94d17d5228413160047ae2d7f2ae61cf') in 0.014285 seconds 
========================================================================
Received Import Request.
  Time since last request: 10.640172 seconds.
  path: Assets/Scenes/Test Scene.unity
  artifactKey: Guid(2cda990e2423bbf4892e6590ba056729) Importer(815301076,1909f56bfc062723c751e8b465ee728b)
Start importing Assets/Scenes/Test Scene.unity using Guid(2cda990e2423bbf4892e6590ba056729) Importer(815301076,1909f56bfc062723c751e8b465ee728b)  -> (artifact id: '2139ae24b0adb6fb7c2d2934e8b92746') in 0.010639 seconds 
========================================================================
Received Import Request.
  Time since last request: 56.383449 seconds.
  path: Assets/InventorySample/Model/Items/Scripts/Misc.cs
  artifactKey: Guid(bc0477e416290fc48b61615aaa085b61) Importer(815301076,1909f56bfc062723c751e8b465ee728b)
Start importing Assets/InventorySample/Model/Items/Scripts/Misc.cs using Guid(bc0477e416290fc48b61615aaa085b61) Importer(815301076,1909f56bfc062723c751e8b465ee728b)  -> (artifact id: '7a4ed2690b2b28a11cba983f64abad5f') in 0.018624 seconds 
========================================================================
Received Import Request.
  Time since last request: 0.074043 seconds.
  path: Assets/InventorySample/Model/Items/Scripts/Armor.cs
  artifactKey: Guid(aa928d1567d4d3447b87c9fb981aac6e) Importer(815301076,1909f56bfc062723c751e8b465ee728b)
Start importing Assets/InventorySample/Model/Items/Scripts/Armor.cs using Guid(aa928d1567d4d3447b87c9fb981aac6e) Importer(815301076,1909f56bfc062723c751e8b465ee728b)  -> (artifact id: '8363f8efaaa649d07ee2cf722e2a7577') in 0.005766 seconds 
========================================================================
Received Import Request.
  Time since last request: 0.254001 seconds.
  path: Assets/InventorySample/Model/Inventory/Interfaces/IReadOnlyInventory.cs
  artifactKey: Guid(475eb25411e7d2747acc21e8890e22ea) Importer(815301076,1909f56bfc062723c751e8b465ee728b)
Start importing Assets/InventorySample/Model/Inventory/Interfaces/IReadOnlyInventory.cs using Guid(475eb25411e7d2747acc21e8890e22ea) Importer(815301076,1909f56bfc062723c751e8b465ee728b)  -> (artifact id: '2d455c6dde5d81d1f65e44f7137a5042') in 0.005705 seconds 
========================================================================
Received Import Request.
  Time since last request: 0.048122 seconds.
  path: Assets/InventorySample/Model/Items/Scripts/Weapon.cs
  artifactKey: Guid(23221db1a63719644a4671e4790b54ba) Importer(815301076,1909f56bfc062723c751e8b465ee728b)
Start importing Assets/InventorySample/Model/Items/Scripts/Weapon.cs using Guid(23221db1a63719644a4671e4790b54ba) Importer(815301076,1909f56bfc062723c751e8b465ee728b)  -> (artifact id: 'e36544982d3ac58ffb94d42db5f35a6b') in 0.005837 seconds 
========================================================================
Received Import Request.
  Time since last request: 0.014889 seconds.
  path: Assets/InventorySample/Model/Items/Scripts/Ammo.cs
  artifactKey: Guid(e5eaf2d8b45cc19499d865fcad50e0f8) Importer(815301076,1909f56bfc062723c751e8b465ee728b)
Start importing Assets/InventorySample/Model/Items/Scripts/Ammo.cs using Guid(e5eaf2d8b45cc19499d865fcad50e0f8) Importer(815301076,1909f56bfc062723c751e8b465ee728b)  -> (artifact id: '015ce560b93d45119fa3382336ef39df') in 0.005698 seconds 
